<?xml version="1.0" encoding="UTF-8"?>
<!-- Generated by org.testng.reporters.JUnitXMLReporter -->
<testsuite hostname="sefikas-MacBook-Pro.local" name="Default test" tests="4" failures="0" timestamp="21 Jul 2020 03:50:26 GMT" time="133.933" errors="0">
  <testcase name="verifyContactsPageTitle" time="0.531" classname="com.hubspot.tests.ContactsPageTest"/>
  <testcase name="createContactsTest" time="14.874" classname="com.hubspot.tests.ContactsPageTest"/>
  <testcase name="createContactsTest" time="14.813" classname="com.hubspot.tests.ContactsPageTest"/>
  <testcase name="createContactsTest" time="14.753" classname="com.hubspot.tests.ContactsPageTest"/>
</testsuite> <!-- Default test -->
